<?xml version="1.0" encoding="UTF-8"?>
<testsuite name="com.example.crashhandler.ExampleUnitTest" tests="1" skipped="0" failures="0" errors="0" timestamp="2017-03-03T05:33:00" hostname="WINDOWS-NUE7QUC" time="0.001">
  <properties/>
  <testcase name="addition_isCorrect" classname="com.example.crashhandler.ExampleUnitTest" time="0.001"/>
  <system-out><![CDATA[]]></system-out>
  <system-err><![CDATA[]]></system-err>
</testsuite>
